<?xml version="1.0" encoding="UTF-8"?>
<!-- Generated by org.testng.reporters.JUnitReportReporter -->
<testsuite hostname="DESKTOP-E0RLG1G" failures="0" tests="2" name="com.qa.testScript.Login_SauceDemo" time="3.808" errors="0" timestamp="2024-09-18T20:13:27 IST" skipped="0">
  <testcase classname="com.qa.testScript.Login_SauceDemo" name="testValidLogin" time="2.993"/>
  <testcase classname="com.qa.testScript.Login_SauceDemo" name="testInvalidLogin" time="0.815"/>
</testsuite> <!-- com.qa.testScript.Login_SauceDemo -->
